<?xml version="1.0" encoding="UTF-8"?>
<testng-results skipped="0" failed="0" ignored="0" total="1" passed="1">
  <reporter-output>
  </reporter-output>
  <suite name="test.LoginTest" duration-ms="6793" started-at="2022-02-13T16:29:45Z" finished-at="2022-02-13T16:29:52Z">
    <groups>
    </groups>
    <test name="Command line test" duration-ms="6793" started-at="2022-02-13T16:29:45Z" finished-at="2022-02-13T16:29:52Z">
      <class name="test.LoginTest">
        <test-method status="PASS" signature="validUserShouldBeAbleToLogin()[pri:0, instance:test.LoginTest@71be98f5]" name="validUserShouldBeAbleToLogin" duration-ms="6735" started-at="2022-02-13T16:29:45Z" finished-at="2022-02-13T16:29:52Z">
          <reporter-output>
          </reporter-output>
        </test-method> <!-- validUserShouldBeAbleToLogin -->
      </class> <!-- test.LoginTest -->
    </test> <!-- Command line test -->
  </suite> <!-- test.LoginTest -->
</testng-results>
