<?xml version="1.0" encoding="UTF-8"?>
<testng-results skipped="0" failed="0" ignored="0" total="1" passed="1">
  <reporter-output>
  </reporter-output>
  <suite name="Default suite" duration-ms="26659" started-at="2022-02-13T18:53:00Z" finished-at="2022-02-13T18:53:26Z">
    <groups>
    </groups>
    <test name="Default test" duration-ms="26659" started-at="2022-02-13T18:53:00Z" finished-at="2022-02-13T18:53:26Z">
      <class name="test.AddCustomerTest">
        <test-method status="PASS" signature="validUserShouldBeAbleToCreateCustomer()[pri:0, instance:test.AddCustomerTest@7193666c]" name="validUserShouldBeAbleToCreateCustomer" duration-ms="26567" started-at="2022-02-13T18:53:00Z" finished-at="2022-02-13T18:53:26Z">
          <reporter-output>
          </reporter-output>
        </test-method> <!-- validUserShouldBeAbleToCreateCustomer -->
      </class> <!-- test.AddCustomerTest -->
    </test> <!-- Default test -->
  </suite> <!-- Default suite -->
</testng-results>
